<?xml version="1.0" encoding="UTF-8"?>
<!-- Generated by org.testng.reporters.JUnitXMLReporter -->
<testsuite ignored="0" hostname="SmartGig01" failures="0" tests="1" name="Test" time="2.428" errors="0" timestamp="23 Mar 2022 14:02:47 GMT">
  <testcase classname="com.unified.infinity.utils.DriverManager" name="@BeforeMethod setup" time="1.891">
    <failure type="org.openqa.selenium.SessionNotCreatedException" message="session not created: This version of ChromeDriver only supports Chrome version 91
Current browser version is 99.0.4844.82 with binary path C:\Program Files\Google\Chrome\Application\chrome.exe
Build info: version: &amp;apos;3.141.59&amp;apos;, revision: &amp;apos;e82be7d358&amp;apos;, time: &amp;apos;2018-11-14T08:17:03&amp;apos;
System info: host: &amp;apos;SMARTGIG01&amp;apos;, ip: &amp;apos;192.168.0.123&amp;apos;, os.name: &amp;apos;Windows 10&amp;apos;, os.arch: &amp;apos;amd64&amp;apos;, os.version: &amp;apos;10.0&amp;apos;, java.version: &amp;apos;16.0.2&amp;apos;
Driver info: driver.version: ChromeDriver
remote stacktrace: Backtrace:
	Ordinal0 [0x00852DB3+2502067]
	Ordinal0 [0x007EC5B1+2082225]
	Ordinal0 [0x006F2498+1057944]
	Ordinal0 [0x007105DA+1181146]
	Ordinal0 [0x0070C43C+1164348]
	Ordinal0 [0x00709C73+1154163]
	Ordinal0 [0x00739A22+1350178]
	Ordinal0 [0x0073967A+1349242]
	Ordinal0 [0x00735BEB+1334251]
	Ordinal0 [0x00712174+1188212]
	Ordinal0 [0x00713009+1191945]
	GetHandleVerifier [0x009CEC5C+1511084]
	GetHandleVerifier [0x00A78522+2205554]
	GetHandleVerifier [0x008D3393+480739]
	GetHandleVerifier [0x008D2579+477129]
	Ordinal0 [0x007F1E5D+2104925]
	Ordinal0 [0x007F63F8+2122744]
	Ordinal0 [0x007F6537+2123063]
	Ordinal0 [0x007FEE53+2158163]
	BaseThreadInitThunk [0x76DB6739+25]
	RtlGetFullPathName_UEx [0x778D8E7F+1215]
	RtlGetFullPathName_UEx [0x778D8E4D+1165]
">
      <![CDATA[org.openqa.selenium.SessionNotCreatedException: session not created: This version of ChromeDriver only supports Chrome version 91
Current browser version is 99.0.4844.82 with binary path C:\Program Files\Google\Chrome\Application\chrome.exe
Build info: version: '3.141.59', revision: 'e82be7d358', time: '2018-11-14T08:17:03'
System info: host: 'SMARTGIG01', ip: '192.168.0.123', os.name: 'Windows 10', os.arch: 'amd64', os.version: '10.0', java.version: '16.0.2'
Driver info: driver.version: ChromeDriver
remote stacktrace: Backtrace:
Ordinal0 [0x00852DB3+2502067]
Ordinal0 [0x007EC5B1+2082225]
Ordinal0 [0x006F2498+1057944]
Ordinal0 [0x007105DA+1181146]
Ordinal0 [0x0070C43C+1164348]
Ordinal0 [0x00709C73+1154163]
Ordinal0 [0x00739A22+1350178]
Ordinal0 [0x0073967A+1349242]
Ordinal0 [0x00735BEB+1334251]
Ordinal0 [0x00712174+1188212]
Ordinal0 [0x00713009+1191945]
GetHandleVerifier [0x009CEC5C+1511084]
GetHandleVerifier [0x00A78522+2205554]
GetHandleVerifier [0x008D3393+480739]
GetHandleVerifier [0x008D2579+477129]
Ordinal0 [0x007F1E5D+2104925]
Ordinal0 [0x007F63F8+2122744]
Ordinal0 [0x007F6537+2123063]
Ordinal0 [0x007FEE53+2158163]
BaseThreadInitThunk [0x76DB6739+25]
RtlGetFullPathName_UEx [0x778D8E7F+1215]
RtlGetFullPathName_UEx [0x778D8E4D+1165]

at org.openqa.selenium.remote.W3CHandshakeResponse.lambda$errorHandler$0(W3CHandshakeResponse.java:62)
at org.openqa.selenium.remote.HandshakeResponse.lambda$getResponseFunction$0(HandshakeResponse.java:30)
at org.openqa.selenium.remote.ProtocolHandshake.lambda$createSession$0(ProtocolHandshake.java:126)
at java.base/java.util.stream.ReferencePipeline$3$1.accept(ReferencePipeline.java:197)
at java.base/java.util.Spliterators$ArraySpliterator.tryAdvance(Spliterators.java:958)
at java.base/java.util.stream.ReferencePipeline.forEachWithCancel(ReferencePipeline.java:129)
at java.base/java.util.stream.AbstractPipeline.copyIntoWithCancel(AbstractPipeline.java:502)
at java.base/java.util.stream.AbstractPipeline.copyInto(AbstractPipeline.java:488)
at java.base/java.util.stream.AbstractPipeline.wrapAndCopyInto(AbstractPipeline.java:474)
at java.base/java.util.stream.FindOps$FindOp.evaluateSequential(FindOps.java:150)
at java.base/java.util.stream.AbstractPipeline.evaluate(AbstractPipeline.java:234)
at java.base/java.util.stream.ReferencePipeline.findFirst(ReferencePipeline.java:647)
at org.openqa.selenium.remote.ProtocolHandshake.createSession(ProtocolHandshake.java:128)
at org.openqa.selenium.remote.ProtocolHandshake.createSession(ProtocolHandshake.java:74)
at org.openqa.selenium.remote.HttpCommandExecutor.execute(HttpCommandExecutor.java:136)
at org.openqa.selenium.remote.service.DriverCommandExecutor.execute(DriverCommandExecutor.java:83)
at org.openqa.selenium.remote.RemoteWebDriver.execute(RemoteWebDriver.java:552)
at org.openqa.selenium.remote.RemoteWebDriver.startSession(RemoteWebDriver.java:213)
at org.openqa.selenium.remote.RemoteWebDriver.<init>(RemoteWebDriver.java:131)
at org.openqa.selenium.chrome.ChromeDriver.<init>(ChromeDriver.java:181)
at org.openqa.selenium.chrome.ChromeDriver.<init>(ChromeDriver.java:147)
at com.unified.infinity.utils.DriverManager.setup(DriverManager.java:80)
... Removed 36 stack frames]]>
    </failure>
  </testcase> <!-- @BeforeMethod setup -->
  <testcase classname="com.unified.infinity.uitest.admin.UnifiedTests" name="@BeforeMethod methodsetup" time="0.0">
    <skipped/>
  </testcase> <!-- @BeforeMethod methodsetup -->
  <testcase classname="com.unified.infinity.uitest.admin.UnifiedTests" name="@AfterMethod EndMethod" time="0.0">
    <skipped/>
  </testcase> <!-- @AfterMethod EndMethod -->
  <testcase classname="com.unified.infinity.utils.DriverManager" name="@AfterMethod closebrowser" time="0.0">
    <skipped/>
  </testcase> <!-- @AfterMethod closebrowser -->
  <testcase classname="com.unified.infinity.uitest.admin.UnifiedTests" name="LoginPage" time="0.0">
    <skipped/>
  </testcase> <!-- LoginPage -->
</testsuite> <!-- Test -->
